1604816098749	mozrunner::runner	INFO	Running command: "/usr/bin/firefox" "-marionette" "-headless" "-foreground" "-no-remote" "-profile" "/tmp/rust_mozprofile.bNjZlFQ0KxYe"
*** You are running in headless mode.
1604816104628	Marionette	INFO	Listening on port 39517
1604816104804	Marionette	WARN	TLS certificate errors will be ignored for this session
1604816127373	Marionette	WARN	Limiting screen capture height to maximum allowed 32767 pixels
1604816137796	Marionette	INFO	Stopped listening on port 39517
1604817143101	mozrunner::runner	INFO	Running command: "/usr/bin/firefox" "-marionette" "-headless" "-foreground" "-no-remote" "-profile" "/tmp/rust_mozprofile.4jZ4uUTmsWi0"
*** You are running in headless mode.
1604817146769	Marionette	INFO	Listening on port 34263
1604817146858	Marionette	WARN	TLS certificate errors will be ignored for this session
1604817163434	Marionette	WARN	Limiting screen capture height to maximum allowed 32767 pixels
1604817174237	Marionette	INFO	Stopped listening on port 34263

###!!! [Parent][RunMessage] Error: Channel closing: too late to send/recv, messages will be lost

1604824384229	mozrunner::runner	INFO	Running command: "/usr/bin/firefox" "-marionette" "-headless" "-foreground" "-no-remote" "-profile" "/tmp/rust_mozprofile.hlKUtLzs23SM"
*** You are running in headless mode.
1604824388039	Marionette	INFO	Listening on port 33065
1604824388183	Marionette	WARN	TLS certificate errors will be ignored for this session
Exiting due to channel error.
Exiting due to channel error.
Exiting due to channel error.
1604824613359	mozrunner::runner	INFO	Running command: "/usr/bin/firefox" "-marionette" "-headless" "-foreground" "-no-remote" "-profile" "/tmp/rust_mozprofile.tS20jllUjGwD"
*** You are running in headless mode.
1604824617410	Marionette	INFO	Listening on port 42435
1604824617511	Marionette	WARN	TLS certificate errors will be ignored for this session
1604824709688	mozrunner::runner	INFO	Running command: "/usr/bin/firefox" "-marionette" "-headless" "-foreground" "-no-remote" "-profile" "/tmp/rust_mozprofile.uRVIlROhkjdd"
*** You are running in headless mode.
1604824713198	Marionette	INFO	Listening on port 41711
1604824713344	Marionette	WARN	TLS certificate errors will be ignored for this session
1604824779738	mozrunner::runner	INFO	Running command: "/usr/bin/firefox" "-marionette" "-headless" "-foreground" "-no-remote" "-profile" "/tmp/rust_mozprofile.sKOG3FV6u74u"
*** You are running in headless mode.
1604824783578	Marionette	INFO	Listening on port 42065
1604824783693	Marionette	WARN	TLS certificate errors will be ignored for this session
1604824812152	mozrunner::runner	INFO	Running command: "/usr/bin/firefox" "-marionette" "-headless" "-foreground" "-no-remote" "-profile" "/tmp/rust_mozprofile.CsjsZzaygmeh"
*** You are running in headless mode.
1604824815691	Marionette	INFO	Listening on port 39617
1604824815799	Marionette	WARN	TLS certificate errors will be ignored for this session
1604825144337	mozrunner::runner	INFO	Running command: "/usr/bin/firefox" "-marionette" "-headless" "-foreground" "-no-remote" "-profile" "/tmp/rust_mozprofile.U2Ab19YYlmLM"
*** You are running in headless mode.
1604825147956	Marionette	INFO	Listening on port 37335
1604825148087	Marionette	WARN	TLS certificate errors will be ignored for this session
1604825332712	mozrunner::runner	INFO	Running command: "/usr/bin/firefox" "-marionette" "-headless" "-foreground" "-no-remote" "-profile" "/tmp/rust_mozprofile.0L4wh8g1eM1X"
*** You are running in headless mode.
1604825336311	Marionette	INFO	Listening on port 42067
1604825336384	Marionette	WARN	TLS certificate errors will be ignored for this session
Exiting due to channel error.
Exiting due to channel error.
Exiting due to channel error.
1604825376172	mozrunner::runner	INFO	Running command: "/usr/bin/firefox" "-marionette" "-headless" "-foreground" "-no-remote" "-profile" "/tmp/rust_mozprofile.ok0eMKC9ECJh"
*** You are running in headless mode.
1604825379840	Marionette	INFO	Listening on port 43847
1604825379932	Marionette	WARN	TLS certificate errors will be ignored for this session
1604825519433	mozrunner::runner	INFO	Running command: "/usr/bin/firefox" "-marionette" "-headless" "-foreground" "-no-remote" "-profile" "/tmp/rust_mozprofile.hvo0j1zCd811"
*** You are running in headless mode.
1604825523450	Marionette	INFO	Listening on port 38393
1604825523609	Marionette	WARN	TLS certificate errors will be ignored for this session
1604825582908	mozrunner::runner	INFO	Running command: "/usr/bin/firefox" "-marionette" "-headless" "-foreground" "-no-remote" "-profile" "/tmp/rust_mozprofile.A2Rp5DQCEAcg"
*** You are running in headless mode.
1604825586568	Marionette	INFO	Listening on port 36929
1604825586669	Marionette	WARN	TLS certificate errors will be ignored for this session
1604825721292	mozrunner::runner	INFO	Running command: "/usr/bin/firefox" "-marionette" "-headless" "-foreground" "-no-remote" "-profile" "/tmp/rust_mozprofile.e22eWsWRSUYT"
*** You are running in headless mode.
1604825724823	Marionette	INFO	Listening on port 42565
1604825724941	Marionette	WARN	TLS certificate errors will be ignored for this session
1604825819898	mozrunner::runner	INFO	Running command: "/usr/bin/firefox" "-marionette" "-headless" "-foreground" "-no-remote" "-profile" "/tmp/rust_mozprofile.ZOP2y0wzCmE4"
*** You are running in headless mode.
1604825823440	Marionette	INFO	Listening on port 45473
1604825823555	Marionette	WARN	TLS certificate errors will be ignored for this session
1604825931565	mozrunner::runner	INFO	Running command: "/usr/bin/firefox" "-marionette" "-headless" "-foreground" "-no-remote" "-profile" "/tmp/rust_mozprofile.YVVaDhBv3C0P"
*** You are running in headless mode.
1604825935635	Marionette	INFO	Listening on port 45715
1604825935758	Marionette	WARN	TLS certificate errors will be ignored for this session
1604825956996	Marionette	INFO	Stopped listening on port 45715
1604825981839	mozrunner::runner	INFO	Running command: "/usr/bin/firefox" "-marionette" "-headless" "-foreground" "-no-remote" "-profile" "/tmp/rust_mozprofile.540BMjO7Kz2p"
*** You are running in headless mode.
1604825985485	Marionette	INFO	Listening on port 45191
1604825985593	Marionette	WARN	TLS certificate errors will be ignored for this session
1604825998680	Marionette	INFO	Stopped listening on port 45191

###!!! [Parent][RunMessage] Error: Channel closing: too late to send/recv, messages will be lost

1604826019860	mozrunner::runner	INFO	Running command: "/usr/bin/firefox" "-marionette" "-headless" "-foreground" "-no-remote" "-profile" "/tmp/rust_mozprofile.oqGhUNjwew3h"
*** You are running in headless mode.
1604826024618	Marionette	INFO	Listening on port 46083
1604826024749	Marionette	WARN	TLS certificate errors will be ignored for this session
1604826036606	Marionette	INFO	Stopped listening on port 46083
1604893804100	mozrunner::runner	INFO	Running command: "/usr/bin/firefox" "-marionette" "-headless" "-foreground" "-no-remote" "-profile" "/tmp/rust_mozprofile.A1LypkCNWl0q"
*** You are running in headless mode.
1604893807632	Marionette	INFO	Listening on port 45279
1604893807772	Marionette	WARN	TLS certificate errors will be ignored for this session
1604893819543	Marionette	INFO	Stopped listening on port 45279
1604897098305	mozrunner::runner	INFO	Running command: "/usr/bin/firefox" "-marionette" "-headless" "-foreground" "-no-remote" "-profile" "/tmp/rust_mozprofile.hhIVE5lpQPQP"
*** You are running in headless mode.
1604897102157	Marionette	INFO	Listening on port 36463
1604897102269	Marionette	WARN	TLS certificate errors will be ignored for this session
1604897109072	Marionette	INFO	Stopped listening on port 36463
1604897157831	mozrunner::runner	INFO	Running command: "/usr/bin/firefox" "-marionette" "-headless" "-foreground" "-no-remote" "-profile" "/tmp/rust_mozprofile.sbNtcbewE6O9"
*** You are running in headless mode.
1604897161295	Marionette	INFO	Listening on port 34675
1604897161384	Marionette	WARN	TLS certificate errors will be ignored for this session
1604897164789	Marionette	INFO	Stopped listening on port 34675
1604899981485	mozrunner::runner	INFO	Running command: "/usr/bin/firefox" "-marionette" "-headless" "-foreground" "-no-remote" "-profile" "/tmp/rust_mozprofile.sfBBjtP1vrRl"
*** You are running in headless mode.
1604899984907	Marionette	INFO	Listening on port 34769
1604899985056	Marionette	WARN	TLS certificate errors will be ignored for this session
1604899992098	Marionette	INFO	Stopped listening on port 34769
1604926691105	mozrunner::runner	INFO	Running command: "/usr/bin/firefox" "-marionette" "-headless" "-foreground" "-no-remote" "-profile" "/tmp/rust_mozprofile.S5GL6g7QDkbx"
*** You are running in headless mode.
1604926695194	Marionette	INFO	Listening on port 33077
1604926695280	Marionette	WARN	TLS certificate errors will be ignored for this session
1604926701230	Marionette	INFO	Stopped listening on port 33077
1604928218800	mozrunner::runner	INFO	Running command: "/usr/bin/firefox" "-marionette" "-headless" "-foreground" "-no-remote" "-profile" "/tmp/rust_mozprofile.xIqkctxPaOfP"
*** You are running in headless mode.
1604928222978	Marionette	INFO	Listening on port 40441
1604928223109	Marionette	WARN	TLS certificate errors will be ignored for this session
1604928282491	mozrunner::runner	INFO	Running command: "/usr/bin/firefox" "-marionette" "-headless" "-foreground" "-no-remote" "-profile" "/tmp/rust_mozprofile.Zk1VnihwHnGE"
*** You are running in headless mode.
1604928287262	Marionette	INFO	Listening on port 37919
1604928287372	Marionette	WARN	TLS certificate errors will be ignored for this session
1604928375749	mozrunner::runner	INFO	Running command: "/usr/bin/firefox" "-marionette" "-headless" "-foreground" "-no-remote" "-profile" "/tmp/rust_mozprofile.gC9lksRaal7G"
*** You are running in headless mode.
1604928380440	Marionette	INFO	Listening on port 40717
1604928380594	Marionette	WARN	TLS certificate errors will be ignored for this session
1604928502970	mozrunner::runner	INFO	Running command: "/usr/bin/firefox" "-marionette" "-headless" "-foreground" "-no-remote" "-profile" "/tmp/rust_mozprofile.Kgmi5HQwp4yu"
*** You are running in headless mode.
1604928507381	Marionette	INFO	Listening on port 37061
1604928507445	Marionette	WARN	TLS certificate errors will be ignored for this session
1604928512338	Marionette	INFO	Stopped listening on port 37061
1604936631771	mozrunner::runner	INFO	Running command: "/usr/bin/firefox" "-marionette" "-headless" "-foreground" "-no-remote" "-profile" "/tmp/rust_mozprofile.iitxQjxcFmx1"
*** You are running in headless mode.
1604936636546	Marionette	INFO	Listening on port 41065
1604936636757	Marionette	WARN	TLS certificate errors will be ignored for this session
1604937876094	mozrunner::runner	INFO	Running command: "/usr/bin/firefox" "-marionette" "-headless" "-foreground" "-no-remote" "-profile" "/tmp/rust_mozprofile.fEd1INMjspcN"
*** You are running in headless mode.
1604937880181	Marionette	INFO	Listening on port 42945
1604937880260	Marionette	WARN	TLS certificate errors will be ignored for this session
1604938094388	mozrunner::runner	INFO	Running command: "/usr/bin/firefox" "-marionette" "-headless" "-foreground" "-no-remote" "-profile" "/tmp/rust_mozprofile.Dt0L4pjvL0w5"
*** You are running in headless mode.
1604938098573	Marionette	INFO	Listening on port 45253
1604938098656	Marionette	WARN	TLS certificate errors will be ignored for this session
1604938107314	Marionette	INFO	Stopped listening on port 45253
1604976374795	mozrunner::runner	INFO	Running command: "/usr/bin/firefox" "-marionette" "-headless" "-foreground" "-no-remote" "-profile" "/tmp/rust_mozprofile.SzJZxBXQNmpk"
*** You are running in headless mode.
1604976378473	Marionette	INFO	Listening on port 37013
1604976378571	Marionette	WARN	TLS certificate errors will be ignored for this session
1604976526073	mozrunner::runner	INFO	Running command: "/usr/bin/firefox" "-marionette" "-headless" "-foreground" "-no-remote" "-profile" "/tmp/rust_mozprofile.g9i4HWzoxQWM"
*** You are running in headless mode.
1604976529635	Marionette	INFO	Listening on port 44025
1604976529729	Marionette	WARN	TLS certificate errors will be ignored for this session
1604976750799	mozrunner::runner	INFO	Running command: "/usr/bin/firefox" "-marionette" "-headless" "-foreground" "-no-remote" "-profile" "/tmp/rust_mozprofile.bAHXVlKZsynW"
*** You are running in headless mode.
1604976754831	Marionette	INFO	Listening on port 46647
1604976754956	Marionette	WARN	TLS certificate errors will be ignored for this session
1604976824437	mozrunner::runner	INFO	Running command: "/usr/bin/firefox" "-marionette" "-headless" "-foreground" "-no-remote" "-profile" "/tmp/rust_mozprofile.BF43sWLoQ00R"
*** You are running in headless mode.
1604976828179	Marionette	INFO	Listening on port 35163
1604976828292	Marionette	WARN	TLS certificate errors will be ignored for this session
1604976839162	mozrunner::runner	INFO	Running command: "/usr/bin/firefox" "-marionette" "-headless" "-foreground" "-no-remote" "-profile" "/tmp/rust_mozprofile.Ngbmn0dLklND"
*** You are running in headless mode.
1604976843003	Marionette	INFO	Listening on port 41377
1604976843119	Marionette	WARN	TLS certificate errors will be ignored for this session
1604985640162	mozrunner::runner	INFO	Running command: "/usr/bin/firefox" "-marionette" "-headless" "-foreground" "-no-remote" "-profile" "/tmp/rust_mozprofile.rlNj0n0sNp2i"
*** You are running in headless mode.
1604985643620	Marionette	INFO	Listening on port 42009
1604985643717	Marionette	WARN	TLS certificate errors will be ignored for this session
1604985664014	mozrunner::runner	INFO	Running command: "/usr/bin/firefox" "-marionette" "-headless" "-foreground" "-no-remote" "-profile" "/tmp/rust_mozprofile.dosQQ8Y2TAMp"
*** You are running in headless mode.
1604985667887	Marionette	INFO	Listening on port 45797
1604985667978	Marionette	WARN	TLS certificate errors will be ignored for this session
1604985730104	mozrunner::runner	INFO	Running command: "/usr/bin/firefox" "-marionette" "-headless" "-foreground" "-no-remote" "-profile" "/tmp/rust_mozprofile.RXwUQOhr4Asf"
*** You are running in headless mode.
1604985733661	Marionette	INFO	Listening on port 45503
1604985733758	Marionette	WARN	TLS certificate errors will be ignored for this session
1604985745507	Marionette	INFO	Stopped listening on port 45503

###!!! [Parent][RunMessage] Error: Channel closing: too late to send/recv, messages will be lost

1604985788214	mozrunner::runner	INFO	Running command: "/usr/bin/firefox" "-marionette" "-headless" "-foreground" "-no-remote" "-profile" "/tmp/rust_mozprofile.mqipeC7AmpEb"
*** You are running in headless mode.
1604985791730	Marionette	INFO	Listening on port 45059
1604985791884	Marionette	WARN	TLS certificate errors will be ignored for this session
1604985807557	Marionette	INFO	Stopped listening on port 45059

###!!! [Parent][RunMessage] Error: Channel closing: too late to send/recv, messages will be lost

1604988752715	mozrunner::runner	INFO	Running command: "/usr/bin/firefox" "-marionette" "-headless" "-foreground" "-no-remote" "-profile" "/tmp/rust_mozprofile.QsoMbtu3Ulu7"
*** You are running in headless mode.
1604988756364	Marionette	INFO	Listening on port 33853
1604988756475	Marionette	WARN	TLS certificate errors will be ignored for this session
1604988767022	Marionette	INFO	Stopped listening on port 33853
1604989549782	mozrunner::runner	INFO	Running command: "/usr/bin/firefox" "-marionette" "-headless" "-foreground" "-no-remote" "-profile" "/tmp/rust_mozprofile.tKKZaWnWyACG"
*** You are running in headless mode.
1604989553322	Marionette	INFO	Listening on port 44855
1604989553438	Marionette	WARN	TLS certificate errors will be ignored for this session
1604989573548	Marionette	INFO	Stopped listening on port 44855

###!!! [Parent][RunMessage] Error: Channel closing: too late to send/recv, messages will be lost

[GFX1-]: Receive IPC close with reason=AbnormalShutdown
Exiting due to channel error.
Exiting due to channel error.
Exiting due to channel error.
[GFX1-]: Receive IPC close with reason=AbnormalShutdown
Exiting due to channel error.
Exiting due to channel error.
Exiting due to channel error.
1604993007514	mozrunner::runner	INFO	Running command: "/usr/bin/firefox" "-marionette" "-headless" "-foreground" "-no-remote" "-profile" "/tmp/rust_mozprofile.nzTkeUFZq9Jp"
*** You are running in headless mode.
1604993011087	Marionette	INFO	Listening on port 40007
1604993011192	Marionette	WARN	TLS certificate errors will be ignored for this session
1604993019044	Marionette	INFO	Stopped listening on port 40007
1604993051076	mozrunner::runner	INFO	Running command: "/usr/bin/firefox" "-marionette" "-headless" "-foreground" "-no-remote" "-profile" "/tmp/rust_mozprofile.0pZ6tO2XcMcP"
*** You are running in headless mode.
1604993054582	Marionette	INFO	Listening on port 35879
1604993054658	Marionette	WARN	TLS certificate errors will be ignored for this session
1604993063493	Marionette	INFO	Stopped listening on port 35879
1604993091168	mozrunner::runner	INFO	Running command: "/usr/bin/firefox" "-marionette" "-headless" "-foreground" "-no-remote" "-profile" "/tmp/rust_mozprofile.gs1FzHcBvvU0"
*** You are running in headless mode.
1604993094677	Marionette	INFO	Listening on port 45829
1604993094830	Marionette	WARN	TLS certificate errors will be ignored for this session
1604993104489	Marionette	INFO	Stopped listening on port 45829
1605005607253	mozrunner::runner	INFO	Running command: "/usr/bin/firefox" "-marionette" "-headless" "-foreground" "-no-remote" "-profile" "/tmp/rust_mozprofile.EbXIuCXeUV8m"
*** You are running in headless mode.
1605005610903	Marionette	INFO	Listening on port 37075
1605005611028	Marionette	WARN	TLS certificate errors will be ignored for this session
1605005621064	Marionette	INFO	Stopped listening on port 37075
1605678792125	mozrunner::runner	INFO	Running command: "/usr/bin/firefox" "-marionette" "-headless" "-foreground" "-no-remote" "-profile" "/tmp/rust_mozprofile.FHKPmWoXrvy1"
*** You are running in headless mode.
1605678796399	mozrunner::runner	INFO	Running command: "/usr/bin/firefox" "-marionette" "-headless" "-foreground" "-no-remote" "-profile" "/tmp/rust_mozprofile.ghuEaboLNpz6"
*** You are running in headless mode.
1605678797127	mozrunner::runner	INFO	Running command: "/usr/bin/firefox" "-marionette" "-headless" "-foreground" "-no-remote" "-profile" "/tmp/rust_mozprofile.EfnemyX6YNmR"
*** You are running in headless mode.
1605678798779	mozrunner::runner	INFO	Running command: "/usr/bin/firefox" "-marionette" "-headless" "-foreground" "-no-remote" "-profile" "/tmp/rust_mozprofile.ZPqnR3NvzVWz"
*** You are running in headless mode.
1605678799025	mozrunner::runner	INFO	Running command: "/usr/bin/firefox" "-marionette" "-headless" "-foreground" "-no-remote" "-profile" "/tmp/rust_mozprofile.bUJqWPuxbUDt"
1605678799063	Marionette	INFO	Listening on port 34171
*** You are running in headless mode.
1605678799503	Marionette	WARN	TLS certificate errors will be ignored for this session
1605678801983	mozrunner::runner	INFO	Running command: "/usr/bin/firefox" "-marionette" "-headless" "-foreground" "-no-remote" "-profile" "/tmp/rust_mozprofile.mj4VFBR9lbrI"
*** You are running in headless mode.
1605678814255	Marionette	INFO	Listening on port 39353
1605678814609	Marionette	WARN	TLS certificate errors will be ignored for this session
1605678821345	Marionette	INFO	Listening on port 42093
1605678821627	Marionette	WARN	TLS certificate errors will be ignored for this session
1605678822526	Marionette	INFO	Listening on port 39603
1605678822960	Marionette	WARN	TLS certificate errors will be ignored for this session
1605678826097	Marionette	INFO	Listening on port 44377
1605678826461	Marionette	WARN	TLS certificate errors will be ignored for this session
1605678827218	Marionette	INFO	Listening on port 46263
1605678827487	Marionette	WARN	TLS certificate errors will be ignored for this session
1605678833470	mozrunner::runner	INFO	Running command: "/usr/bin/firefox" "-marionette" "-headless" "-foreground" "-no-remote" "-profile" "/tmp/rust_mozprofile.TVxZMrcdgrbS"
*** You are running in headless mode.
1605679931842	mozrunner::runner	INFO	Running command: "/usr/bin/firefox" "-marionette" "-headless" "-foreground" "-no-remote" "-profile" "/tmp/rust_mozprofile.Fsnr5eKc92cn"
*** You are running in headless mode.
1605679935575	Marionette	INFO	Listening on port 41997
1605679935717	Marionette	WARN	TLS certificate errors will be ignored for this session
1605679941829	Marionette	INFO	Stopped listening on port 41997
1605680026431	mozrunner::runner	INFO	Running command: "/usr/bin/firefox" "-marionette" "-headless" "-foreground" "-no-remote" "-profile" "/tmp/rust_mozprofile.EDRvj4U9c0PP"
*** You are running in headless mode.
1605680030427	Marionette	INFO	Listening on port 46385
1605680030506	Marionette	WARN	TLS certificate errors will be ignored for this session
1605680045581	Marionette	INFO	Stopped listening on port 46385

###!!! [Parent][RunMessage] Error: Channel closing: too late to send/recv, messages will be lost


###!!! [Parent][RunMessage] Error: Channel closing: too late to send/recv, messages will be lost

1605680156324	mozrunner::runner	INFO	Running command: "/usr/bin/firefox" "-marionette" "-headless" "-foreground" "-no-remote" "-profile" "/tmp/rust_mozprofile.GtVuhH521Wwi"
*** You are running in headless mode.
1605680159916	Marionette	INFO	Listening on port 46161
1605680159988	Marionette	WARN	TLS certificate errors will be ignored for this session
1605680176212	Marionette	INFO	Stopped listening on port 46161
1606119293135	mozrunner::runner	INFO	Running command: "/usr/bin/firefox" "-marionette" "-headless" "-foreground" "-no-remote" "-profile" "/tmp/rust_mozprofile.9FXgbCZZ4A86"
*** You are running in headless mode.
1606119302297	Marionette	INFO	Listening on port 43417
1606119302971	Marionette	WARN	TLS certificate errors will be ignored for this session
1606119307886	Marionette	INFO	Stopped listening on port 43417

###!!! [Parent][RunMessage] Error: Channel closing: too late to send/recv, messages will be lost

1606119785357	mozrunner::runner	INFO	Running command: "/usr/bin/firefox" "-marionette" "-headless" "-foreground" "-no-remote" "-profile" "/tmp/rust_mozprofile.e3n8IXZRHQNL"
*** You are running in headless mode.
1606119791243	Marionette	INFO	Listening on port 42827
1606119791660	Marionette	WARN	TLS certificate errors will be ignored for this session
1606119800117	mozrunner::runner	INFO	Running command: "/usr/bin/firefox" "-marionette" "-headless" "-foreground" "-no-remote" "-profile" "/tmp/rust_mozprofile.XzRhpGxWZCwa"
*** You are running in headless mode.
1606119850798	Marionette	INFO	Stopped listening on port 42827
Exiting due to channel error.
Exiting due to channel error.

###!!! [Parent][RunMessage] Error: Channel closing: too late to send/recv, messages will be lost


###!!! [Parent][RunMessage] Error: Channel closing: too late to send/recv, messages will be lost

1606119929647	mozrunner::runner	INFO	Running command: "/usr/bin/firefox" "-marionette" "-headless" "-foreground" "-no-remote" "-profile" "/tmp/rust_mozprofile.kga0f5f2CqA0"
*** You are running in headless mode.
1606119932665	Marionette	INFO	Listening on port 40933
1606119932867	Marionette	WARN	TLS certificate errors will be ignored for this session
1606119942739	Marionette	INFO	Stopped listening on port 40933

###!!! [Parent][RunMessage] Error: Channel closing: too late to send/recv, messages will be lost


###!!! [Parent][RunMessage] Error: Channel closing: too late to send/recv, messages will be lost

1606119946449	mozrunner::runner	INFO	Running command: "/usr/bin/firefox" "-marionette" "-headless" "-foreground" "-no-remote" "-profile" "/tmp/rust_mozprofile.w2QRAEvwEukJ"
*** You are running in headless mode.
1606119950956	Marionette	INFO	Listening on port 43659
1606119951061	Marionette	WARN	TLS certificate errors will be ignored for this session
1606119965027	Marionette	INFO	Stopped listening on port 43659
1606120031963	mozrunner::runner	INFO	Running command: "/usr/bin/firefox" "-marionette" "-headless" "-foreground" "-no-remote" "-profile" "/tmp/rust_mozprofile.TmGCmXVD8NBX"
*** You are running in headless mode.
1606120037881	Marionette	INFO	Listening on port 34937
1606120038010	Marionette	WARN	TLS certificate errors will be ignored for this session
1606120046975	Marionette	INFO	Stopped listening on port 34937
1606120123502	mozrunner::runner	INFO	Running command: "/usr/bin/firefox" "-marionette" "-headless" "-foreground" "-no-remote" "-profile" "/tmp/rust_mozprofile.uvCEd4XCZ34d"
*** You are running in headless mode.
1606120126551	Marionette	INFO	Listening on port 36311
1606120126683	Marionette	WARN	TLS certificate errors will be ignored for this session
